Pseudo-terminal will not be allocated because stdin is not a terminal.
Compiling...
Compiling...
Compiling...
Compiling...
Compiling...
Done
valgrind --leak-check=yes ./stringset_test
==25805== Memcheck, a memory error detector
==25805== Copyright (C) 2002-2015, and GNU GPL'd, by Julian Seward et al.
==25805== Using Valgrind-3.12.0 and LibVEX; rerun with -h for copyright info
==25805== Command: ./stringset_test
==25805== 
==25805== Conditional jump or move depends on uninitialised value(s)
==25805==    at 0x4010C9: hash_code (util.c:11)
==25805==    by 0x400BAD: stringset_rehash (stringset.c:150)
==25805==    by 0x4008FC: stringset_add (stringset.c:63)
==25805==    by 0x400CCC: main (main.c:12)
==25805== 
==25805== Conditional jump or move depends on uninitialised value(s)
==25805==    at 0x4010C9: hash_code (util.c:11)
==25805==    by 0x400BAD: stringset_rehash (stringset.c:150)
==25805==    by 0x4008FC: stringset_add (stringset.c:63)
==25805==    by 0x400CDD: main (main.c:16)
==25805== 
==25805== Conditional jump or move depends on uninitialised value(s)
==25805==    at 0x4010C9: hash_code (util.c:11)
==25805==    by 0x400BAD: stringset_rehash (stringset.c:150)
==25805==    by 0x4008FC: stringset_add (stringset.c:63)
==25805==    by 0x400CEE: main (main.c:17)
==25805== 
==25805== Conditional jump or move depends on uninitialised value(s)
==25805==    at 0x4010C9: hash_code (util.c:11)
==25805==    by 0x400BAD: stringset_rehash (stringset.c:150)
==25805==    by 0x4008FC: stringset_add (stringset.c:63)
==25805==    by 0x400D24: main (main.c:22)
==25805== 
rehashing
rehashing
rehashing
rehashing
result: 1
elements: 7
length: 16
load value: 12.000000
==25805== 
==25805== HEAP SUMMARY:
==25805==     in use at exit: 25 bytes in 2 blocks
==25805==   total heap usage: 24 allocs, 22 frees, 564 bytes allocated
==25805== 
==25805== 25 (16 direct, 9 indirect) bytes in 1 blocks are definitely lost in loss record 2 of 2
==25805==    at 0x4C29BE3: malloc (vg_replace_malloc.c:299)
==25805==    by 0x400E10: node_new (node.c:22)
==25805==    by 0x400992: stringset_add (stringset.c:75)
==25805==    by 0x400CEE: main (main.c:17)
==25805== 
==25805== LEAK SUMMARY:
==25805==    definitely lost: 16 bytes in 1 blocks
==25805==    indirectly lost: 9 bytes in 1 blocks
==25805==      possibly lost: 0 bytes in 0 blocks
==25805==    still reachable: 0 bytes in 0 blocks
==25805==         suppressed: 0 bytes in 0 blocks
==25805== 
==25805== For counts of detected and suppressed errors, rerun with: -v
==25805== Use --track-origins=yes to see where uninitialised values come from
==25805== ERROR SUMMARY: 13 errors from 5 contexts (suppressed: 0 from 0)
